<?xml version="1.0" encoding="UTF-8"?>
<!-- Generated by org.testng.reporters.JUnitReportReporter -->
<testsuite hostname="Brijesh" failures="0" tests="2" name="test.LoginTest" time="5.815" errors="0" timestamp="2023-02-05T20:06:13 EST" skipped="0">
  <testcase classname="test.LoginTest" name="verifyPageTitleTest" time="1.950"/>
  <system-out/>
  <testcase classname="test.LoginTest" name="verifyLogo" time="3.865"/>
  <system-out/>
</testsuite> <!-- test.LoginTest -->
