<?xml version="1.0" encoding="UTF-8"?>
<!-- Generated by org.testng.reporters.JUnitReportReporter -->
<testsuite hostname="Brijesh" failures="0" tests="2" name="test.LoginTest" time="5.752" errors="0" timestamp="2023-02-05T01:57:05 EST" skipped="0">
  <testcase classname="test.LoginTest" name="verifyPageTitleTest" time="3.350"/>
  <system-out/>
  <testcase classname="test.LoginTest" name="verifyLogo" time="2.402"/>
  <system-out/>
</testsuite> <!-- test.LoginTest -->
